21:24:19.562 [main] INFO  - BookShelf option is displayed
21:24:20.180 [main] INFO  - BookShelf option is clicked
21:24:26.330 [main] INFO  - PopUp is closed
21:24:30.817 [main] INFO  - Exclude Out of Stock option is clicked
21:24:33.530 [main] INFO  - Open Storage option is displayed
21:24:38.224 [main] INFO  - High to Low option in Sort By drop down is displayed
21:24:49.968 [main] INFO  - Living Label option is clicked
21:24:56.936 [main] INFO  - Gift Card Label is clicked
21:25:00.249 [main] INFO  - Birthday Card is clicked
21:25:00.978 [main] DEBUG - Parsing relationship: /xl/_rels/workbook.xml.rels
21:25:00.985 [main] DEBUG - Parsing relationship: /xl/worksheets/_rels/sheet1.xml.rels
21:25:00.988 [main] DEBUG - Parsing relationship: /_rels/.rels
21:25:01.285 [main] TRACE - Loading type system org.apache.poi.schemas.ooxml.system.ooxml
21:25:01.290 [main] TRACE - Loading type system org.apache.xmlbeans.metadata.system.sXMLCONFIG
21:25:01.291 [main] TRACE - Loading type system org.apache.xmlbeans.metadata.system.sXMLLANG
21:25:01.291 [main] TRACE - Loading type system org.apache.xmlbeans.metadata.system.sXMLSCHEMA
21:25:01.292 [main] TRACE - Loading type system org.apache.xmlbeans.metadata.system.sXMLTOOLS
21:25:01.293 [main] TRACE - Reading unresolved handles for type system org.apache.xmlbeans.metadata.system.sXMLTOOLS
21:25:01.317 [main] TRACE - Finished loading type system org.apache.xmlbeans.metadata.system.sXMLTOOLS
21:25:01.320 [main] TRACE - Reading unresolved handles for type system org.apache.xmlbeans.metadata.system.sXMLSCHEMA
21:25:01.330 [main] TRACE - Finished loading type system org.apache.xmlbeans.metadata.system.sXMLSCHEMA
21:25:01.332 [main] TRACE - Reading unresolved handles for type system org.apache.xmlbeans.metadata.system.sXMLLANG
21:25:01.334 [main] TRACE - Finished loading type system org.apache.xmlbeans.metadata.system.sXMLLANG
21:25:01.335 [main] TRACE - Reading unresolved handles for type system org.apache.xmlbeans.metadata.system.sXMLCONFIG
21:25:01.337 [main] TRACE - Finished loading type system org.apache.xmlbeans.metadata.system.sXMLCONFIG
21:25:01.337 [main] TRACE - Reading unresolved handles for type system org.apache.poi.schemas.ooxml.system.ooxml
21:25:01.470 [main] TRACE - Finished loading type system org.apache.poi.schemas.ooxml.system.ooxml
21:25:01.471 [main] TRACE - Resolving type for handle themefd26doctype
21:25:01.585 [main] TRACE - Resolving type for handle stylesheet5d8bdoctype
21:25:01.597 [main] TRACE - Resolving type for handle ctstylesheet4257type
21:25:01.602 [main] TRACE - Resolving type for handle ctnumfmtsb58btype
21:25:01.606 [main] TRACE - Resolving type for handle ctfonts6623type
21:25:01.609 [main] TRACE - Resolving type for handle ctfont14d8type
21:25:01.616 [main] TRACE - Resolving type for handle ctfills2c6ftype
21:25:01.620 [main] TRACE - Resolving type for handle ctfill550ctype
21:25:01.623 [main] TRACE - Resolving type for handle ctborders0d66type
21:25:01.628 [main] TRACE - Resolving type for handle ctborderf935type
21:25:01.633 [main] TRACE - Resolving type for handle ctcellxfs1322type
21:25:01.637 [main] TRACE - Resolving type for handle ctxf97f7type
21:25:01.642 [main] TRACE - Resolving type for handle ctcellstylexfsa81ftype
21:25:01.646 [main] TRACE - Resolving type for handle ctdxfsb26atype
21:25:01.650 [main] TRACE - Resolving type for handle cttablestyles872ftype
21:25:01.656 [main] TRACE - Resolving type for handle sstf81fdoctype
21:25:01.665 [main] TRACE - Resolving type for handle ctsst44f3type
21:25:01.685 [main] TRACE - Resolving type for handle ctrsta472type
21:25:01.729 [main] DEBUG - using default POIXMLDocumentPart for http://schemas.openxmlformats.org/officeDocument/2006/relationships/printerSettings
21:25:01.731 [main] TRACE - Resolving type for handle workbookec17doctype
21:25:01.738 [main] TRACE - Resolving type for handle ctworkbook83c3type
21:25:01.747 [main] TRACE - Resolving type for handle ctsheets49fdtype
21:25:01.751 [main] TRACE - Resolving type for handle ctsheet4dbetype
21:25:01.754 [main] TRACE - Resolving type for handle strelationshipid1e94type
21:25:01.758 [main] TRACE - Resolving type for handle worksheetf539doctype
21:25:01.770 [main] TRACE - Resolving type for handle ctworksheet530dtype
21:25:01.781 [main] TRACE - Resolving type for handle ctsheetdata8408type
21:25:01.786 [main] TRACE - Resolving type for handle ctrowdd39type
21:25:01.794 [main] TRACE - Resolving type for handle ctcell842btype
21:25:01.817 [main] TRACE - Resolving type for handle stcellrefe4e0type
21:25:01.853 [main] TRACE - Resolving type for handle ctcols627ctype
21:25:01.861 [main] TRACE - Resolving type for handle ctcola95ftype
21:25:01.894 [main] TRACE - Resolving type for handle cthyperlinks6416type
21:25:01.899 [main] TRACE - Resolving type for handle cthyperlink0c85type
21:25:01.913 [main] TRACE - Resolving type for handle stxstringf179type
21:25:01.919 [main] TRACE - Resolving type for handle stcelltypebf95type
21:25:01.933 [main] TRACE - Resolving type for handle stcellstylexfid70c7type
21:25:01.939 [main] TRACE - Resolving type for handle stnumfmtid76fbtype
21:25:01.944 [main] TRACE - Resolving type for handle ctworkbookpr03a5type
21:25:01.956 [main] INFO  - Amount is Entered
21:25:02.139 [main] INFO  - Date and Month are selected
21:25:02.800 [main] INFO  - Next button is clicked
21:25:03.677 [main] DEBUG - Parsing relationship: /xl/_rels/workbook.xml.rels
21:25:03.679 [main] DEBUG - Parsing relationship: /xl/worksheets/_rels/sheet1.xml.rels
21:25:03.683 [main] DEBUG - Parsing relationship: /_rels/.rels
21:25:03.714 [main] DEBUG - using default POIXMLDocumentPart for http://schemas.openxmlformats.org/officeDocument/2006/relationships/printerSettings
21:25:03.923 [main] DEBUG - Parsing relationship: /xl/_rels/workbook.xml.rels
21:25:03.924 [main] DEBUG - Parsing relationship: /xl/worksheets/_rels/sheet1.xml.rels
21:25:03.927 [main] DEBUG - Parsing relationship: /_rels/.rels
21:25:03.958 [main] DEBUG - using default POIXMLDocumentPart for http://schemas.openxmlformats.org/officeDocument/2006/relationships/printerSettings
21:25:04.162 [main] DEBUG - Parsing relationship: /xl/_rels/workbook.xml.rels
21:25:04.163 [main] DEBUG - Parsing relationship: /xl/worksheets/_rels/sheet1.xml.rels
21:25:04.166 [main] DEBUG - Parsing relationship: /_rels/.rels
21:25:04.186 [main] DEBUG - using default POIXMLDocumentPart for http://schemas.openxmlformats.org/officeDocument/2006/relationships/printerSettings
21:25:04.784 [main] DEBUG - Parsing relationship: /xl/_rels/workbook.xml.rels
21:25:04.785 [main] DEBUG - Parsing relationship: /xl/worksheets/_rels/sheet1.xml.rels
21:25:04.786 [main] DEBUG - Parsing relationship: /_rels/.rels
21:25:04.810 [main] DEBUG - using default POIXMLDocumentPart for http://schemas.openxmlformats.org/officeDocument/2006/relationships/printerSettings
21:25:05.056 [main] DEBUG - Parsing relationship: /xl/_rels/workbook.xml.rels
21:25:05.057 [main] DEBUG - Parsing relationship: /xl/worksheets/_rels/sheet1.xml.rels
21:25:05.058 [main] DEBUG - Parsing relationship: /_rels/.rels
21:25:05.079 [main] DEBUG - using default POIXMLDocumentPart for http://schemas.openxmlformats.org/officeDocument/2006/relationships/printerSettings
21:25:05.265 [main] DEBUG - Parsing relationship: /xl/_rels/workbook.xml.rels
21:25:05.266 [main] DEBUG - Parsing relationship: /xl/worksheets/_rels/sheet1.xml.rels
21:25:05.267 [main] DEBUG - Parsing relationship: /_rels/.rels
21:25:05.283 [main] DEBUG - using default POIXMLDocumentPart for http://schemas.openxmlformats.org/officeDocument/2006/relationships/printerSettings
21:25:05.444 [main] DEBUG - Parsing relationship: /xl/_rels/workbook.xml.rels
21:25:05.446 [main] DEBUG - Parsing relationship: /xl/worksheets/_rels/sheet1.xml.rels
21:25:05.448 [main] DEBUG - Parsing relationship: /_rels/.rels
21:25:05.466 [main] DEBUG - using default POIXMLDocumentPart for http://schemas.openxmlformats.org/officeDocument/2006/relationships/printerSettings
21:25:05.730 [main] DEBUG - Parsing relationship: /xl/_rels/workbook.xml.rels
21:25:05.731 [main] DEBUG - Parsing relationship: /xl/worksheets/_rels/sheet1.xml.rels
21:25:05.732 [main] DEBUG - Parsing relationship: /_rels/.rels
21:25:05.750 [main] DEBUG - using default POIXMLDocumentPart for http://schemas.openxmlformats.org/officeDocument/2006/relationships/printerSettings
21:25:05.944 [main] INFO  - Confirm Message is clicked
21:25:13.851 [main] DEBUG - Parsing relationship: /xl/_rels/workbook.xml.rels
21:25:13.852 [main] DEBUG - Parsing relationship: /xl/worksheets/_rels/sheet1.xml.rels
21:25:13.853 [main] DEBUG - Parsing relationship: /_rels/.rels
21:25:13.879 [main] DEBUG - using default POIXMLDocumentPart for http://schemas.openxmlformats.org/officeDocument/2006/relationships/printerSettings
21:25:13.955 [main] TRACE - Resolving type for handle ctsheetdimensiond310type
21:25:13.967 [main] TRACE - Resolving type for handle stref90a2type
21:25:14.009 [main] TRACE - Resolving type for handle propertiesee84doctype
21:25:14.026 [main] TRACE - Resolving type for handle ctproperties3f10type
21:25:14.050 [main] TRACE - Resolving type for handle properties288cdoctype
21:25:14.062 [main] TRACE - Resolving type for handle ctproperties2c18type
21:25:14.113 [main] DEBUG - Save content types part
21:25:14.336 [main] DEBUG - Save package relationships
21:25:14.344 [main] DEBUG - Save part 'docProps/app.xml'
21:25:14.346 [main] DEBUG - Save part 'docProps/core.xml'
21:25:14.352 [main] DEBUG - Save part 'xl/printerSettings/printerSettings1.bin'
21:25:14.353 [main] DEBUG - Save part 'xl/sharedStrings.xml'
21:25:14.354 [main] DEBUG - Save part 'xl/styles.xml'
21:25:14.354 [main] DEBUG - Save part 'xl/theme/theme1.xml'
21:25:14.355 [main] DEBUG - Save part 'xl/workbook.xml'
21:25:14.362 [main] DEBUG - Save part 'xl/worksheets/sheet1.xml'
21:25:14.413 [main] DEBUG - Parsing relationship: /xl/_rels/workbook.xml.rels
21:25:14.416 [main] DEBUG - Parsing relationship: /xl/worksheets/_rels/sheet1.xml.rels
21:25:14.418 [main] DEBUG - Parsing relationship: /_rels/.rels
21:25:14.439 [main] DEBUG - using default POIXMLDocumentPart for http://schemas.openxmlformats.org/officeDocument/2006/relationships/printerSettings
21:25:14.460 [main] TRACE - Resolving type for handle stfontid9d63type
21:25:14.466 [main] TRACE - Resolving type for handle stfillida097type
21:25:14.471 [main] TRACE - Resolving type for handle stborderid1a80type
21:25:14.481 [main] TRACE - Resolving type for handle ctcolord2c2type
21:25:14.490 [main] TRACE - Resolving type for handle ctpatternfill7452type
21:25:14.501 [main] TRACE - Resolving type for handle stpatterntype7939type
21:25:14.533 [main] DEBUG - Save content types part
21:25:14.537 [main] DEBUG - Save package relationships
21:25:14.540 [main] DEBUG - Save part 'docProps/app.xml'
21:25:14.542 [main] DEBUG - Save part 'docProps/core.xml'
21:25:14.547 [main] DEBUG - Save part 'xl/printerSettings/printerSettings1.bin'
21:25:14.547 [main] DEBUG - Save part 'xl/sharedStrings.xml'
21:25:14.548 [main] DEBUG - Save part 'xl/styles.xml'
21:25:14.548 [main] DEBUG - Save part 'xl/theme/theme1.xml'
21:25:14.549 [main] DEBUG - Save part 'xl/workbook.xml'
21:25:14.551 [main] DEBUG - Save part 'xl/worksheets/sheet1.xml'
21:25:16.639 [main] INFO  - Gift Card Label is clicked
21:25:19.533 [main] INFO  - Birthday Card is clicked
21:25:20.028 [main] DEBUG - Parsing relationship: /xl/_rels/workbook.xml.rels
21:25:20.029 [main] DEBUG - Parsing relationship: /xl/worksheets/_rels/sheet1.xml.rels
21:25:20.029 [main] DEBUG - Parsing relationship: /_rels/.rels
21:25:20.039 [main] DEBUG - using default POIXMLDocumentPart for http://schemas.openxmlformats.org/officeDocument/2006/relationships/printerSettings
21:25:20.048 [main] INFO  - Amount is Entered
21:25:20.234 [main] INFO  - Date and Month are selected
21:25:20.682 [main] INFO  - Next button is clicked
21:25:21.132 [main] DEBUG - Parsing relationship: /xl/_rels/workbook.xml.rels
21:25:21.133 [main] DEBUG - Parsing relationship: /xl/worksheets/_rels/sheet1.xml.rels
21:25:21.135 [main] DEBUG - Parsing relationship: /_rels/.rels
21:25:21.146 [main] DEBUG - using default POIXMLDocumentPart for http://schemas.openxmlformats.org/officeDocument/2006/relationships/printerSettings
21:25:21.314 [main] DEBUG - Parsing relationship: /xl/_rels/workbook.xml.rels
21:25:21.315 [main] DEBUG - Parsing relationship: /xl/worksheets/_rels/sheet1.xml.rels
21:25:21.316 [main] DEBUG - Parsing relationship: /_rels/.rels
21:25:21.329 [main] DEBUG - using default POIXMLDocumentPart for http://schemas.openxmlformats.org/officeDocument/2006/relationships/printerSettings
21:25:21.642 [main] DEBUG - Parsing relationship: /xl/_rels/workbook.xml.rels
21:25:21.643 [main] DEBUG - Parsing relationship: /xl/worksheets/_rels/sheet1.xml.rels
21:25:21.644 [main] DEBUG - Parsing relationship: /_rels/.rels
21:25:21.657 [main] DEBUG - using default POIXMLDocumentPart for http://schemas.openxmlformats.org/officeDocument/2006/relationships/printerSettings
21:25:22.170 [main] DEBUG - Parsing relationship: /xl/_rels/workbook.xml.rels
21:25:22.171 [main] DEBUG - Parsing relationship: /xl/worksheets/_rels/sheet1.xml.rels
21:25:22.172 [main] DEBUG - Parsing relationship: /_rels/.rels
21:25:22.183 [main] DEBUG - using default POIXMLDocumentPart for http://schemas.openxmlformats.org/officeDocument/2006/relationships/printerSettings
21:25:22.362 [main] DEBUG - Parsing relationship: /xl/_rels/workbook.xml.rels
21:25:22.362 [main] DEBUG - Parsing relationship: /xl/worksheets/_rels/sheet1.xml.rels
21:25:22.363 [main] DEBUG - Parsing relationship: /_rels/.rels
21:25:22.371 [main] DEBUG - using default POIXMLDocumentPart for http://schemas.openxmlformats.org/officeDocument/2006/relationships/printerSettings
21:25:22.530 [main] DEBUG - Parsing relationship: /xl/_rels/workbook.xml.rels
21:25:22.530 [main] DEBUG - Parsing relationship: /xl/worksheets/_rels/sheet1.xml.rels
21:25:22.531 [main] DEBUG - Parsing relationship: /_rels/.rels
21:25:22.540 [main] DEBUG - using default POIXMLDocumentPart for http://schemas.openxmlformats.org/officeDocument/2006/relationships/printerSettings
21:25:22.706 [main] DEBUG - Parsing relationship: /xl/_rels/workbook.xml.rels
21:25:22.707 [main] DEBUG - Parsing relationship: /xl/worksheets/_rels/sheet1.xml.rels
21:25:22.708 [main] DEBUG - Parsing relationship: /_rels/.rels
21:25:22.717 [main] DEBUG - using default POIXMLDocumentPart for http://schemas.openxmlformats.org/officeDocument/2006/relationships/printerSettings
21:25:22.940 [main] DEBUG - Parsing relationship: /xl/_rels/workbook.xml.rels
21:25:22.942 [main] DEBUG - Parsing relationship: /xl/worksheets/_rels/sheet1.xml.rels
21:25:22.944 [main] DEBUG - Parsing relationship: /_rels/.rels
21:25:22.962 [main] DEBUG - using default POIXMLDocumentPart for http://schemas.openxmlformats.org/officeDocument/2006/relationships/printerSettings
21:25:23.144 [main] INFO  - Confirm Message is clicked
21:25:31.157 [main] DEBUG - Parsing relationship: /xl/_rels/workbook.xml.rels
21:25:31.158 [main] DEBUG - Parsing relationship: /xl/worksheets/_rels/sheet1.xml.rels
21:25:31.159 [main] DEBUG - Parsing relationship: /_rels/.rels
21:25:31.166 [main] DEBUG - using default POIXMLDocumentPart for http://schemas.openxmlformats.org/officeDocument/2006/relationships/printerSettings
21:25:31.183 [main] DEBUG - Save content types part
21:25:31.186 [main] DEBUG - Save package relationships
21:25:31.188 [main] DEBUG - Save part 'docProps/app.xml'
21:25:31.188 [main] DEBUG - Save part 'docProps/core.xml'
21:25:31.190 [main] DEBUG - Save part 'xl/printerSettings/printerSettings1.bin'
21:25:31.191 [main] DEBUG - Save part 'xl/sharedStrings.xml'
21:25:31.191 [main] DEBUG - Save part 'xl/styles.xml'
21:25:31.191 [main] DEBUG - Save part 'xl/theme/theme1.xml'
21:25:31.192 [main] DEBUG - Save part 'xl/workbook.xml'
21:25:31.194 [main] DEBUG - Save part 'xl/worksheets/sheet1.xml'
21:25:31.232 [main] DEBUG - Parsing relationship: /xl/_rels/workbook.xml.rels
21:25:31.233 [main] DEBUG - Parsing relationship: /xl/worksheets/_rels/sheet1.xml.rels
21:25:31.234 [main] DEBUG - Parsing relationship: /_rels/.rels
21:25:31.241 [main] DEBUG - using default POIXMLDocumentPart for http://schemas.openxmlformats.org/officeDocument/2006/relationships/printerSettings
21:25:31.262 [main] DEBUG - Save content types part
21:25:31.265 [main] DEBUG - Save package relationships
21:25:31.267 [main] DEBUG - Save part 'docProps/app.xml'
21:25:31.268 [main] DEBUG - Save part 'docProps/core.xml'
21:25:31.270 [main] DEBUG - Save part 'xl/printerSettings/printerSettings1.bin'
21:25:31.271 [main] DEBUG - Save part 'xl/sharedStrings.xml'
21:25:31.271 [main] DEBUG - Save part 'xl/styles.xml'
21:25:31.271 [main] DEBUG - Save part 'xl/theme/theme1.xml'
21:25:31.272 [main] DEBUG - Save part 'xl/workbook.xml'
21:25:31.275 [main] DEBUG - Save part 'xl/worksheets/sheet1.xml'
21:26:53.522 [main] INFO  - BookShelf option is displayed
21:26:53.944 [main] INFO  - BookShelf option is clicked
21:26:59.702 [main] INFO  - PopUp is closed
21:27:04.103 [main] INFO  - Exclude Out of Stock option is clicked
21:27:07.082 [main] INFO  - Open Storage option is displayed
21:27:11.955 [main] INFO  - High to Low option in Sort By drop down is displayed
21:27:23.677 [main] INFO  - Living Label option is clicked
21:27:30.609 [main] INFO  - Gift Card Label is clicked
21:27:32.956 [main] INFO  - Birthday Card is clicked
21:27:33.467 [main] DEBUG - Parsing relationship: /xl/_rels/workbook.xml.rels
21:27:33.471 [main] DEBUG - Parsing relationship: /xl/worksheets/_rels/sheet1.xml.rels
21:27:33.475 [main] DEBUG - Parsing relationship: /_rels/.rels
21:27:33.733 [main] TRACE - Loading type system org.apache.poi.schemas.ooxml.system.ooxml
21:27:33.737 [main] TRACE - Loading type system org.apache.xmlbeans.metadata.system.sXMLCONFIG
21:27:33.738 [main] TRACE - Loading type system org.apache.xmlbeans.metadata.system.sXMLLANG
21:27:33.739 [main] TRACE - Loading type system org.apache.xmlbeans.metadata.system.sXMLSCHEMA
21:27:33.740 [main] TRACE - Loading type system org.apache.xmlbeans.metadata.system.sXMLTOOLS
21:27:33.741 [main] TRACE - Reading unresolved handles for type system org.apache.xmlbeans.metadata.system.sXMLTOOLS
21:27:33.759 [main] TRACE - Finished loading type system org.apache.xmlbeans.metadata.system.sXMLTOOLS
21:27:33.760 [main] TRACE - Reading unresolved handles for type system org.apache.xmlbeans.metadata.system.sXMLSCHEMA
21:27:33.768 [main] TRACE - Finished loading type system org.apache.xmlbeans.metadata.system.sXMLSCHEMA
21:27:33.770 [main] TRACE - Reading unresolved handles for type system org.apache.xmlbeans.metadata.system.sXMLLANG
21:27:33.771 [main] TRACE - Finished loading type system org.apache.xmlbeans.metadata.system.sXMLLANG
21:27:33.772 [main] TRACE - Reading unresolved handles for type system org.apache.xmlbeans.metadata.system.sXMLCONFIG
21:27:33.773 [main] TRACE - Finished loading type system org.apache.xmlbeans.metadata.system.sXMLCONFIG
21:27:33.774 [main] TRACE - Reading unresolved handles for type system org.apache.poi.schemas.ooxml.system.ooxml
21:27:33.861 [main] TRACE - Finished loading type system org.apache.poi.schemas.ooxml.system.ooxml
21:27:33.862 [main] TRACE - Resolving type for handle themefd26doctype
21:27:33.956 [main] TRACE - Resolving type for handle stylesheet5d8bdoctype
21:27:33.968 [main] TRACE - Resolving type for handle ctstylesheet4257type
21:27:33.974 [main] TRACE - Resolving type for handle ctnumfmtsb58btype
21:27:33.980 [main] TRACE - Resolving type for handle ctfonts6623type
21:27:33.983 [main] TRACE - Resolving type for handle ctfont14d8type
21:27:33.989 [main] TRACE - Resolving type for handle ctfills2c6ftype
21:27:33.993 [main] TRACE - Resolving type for handle ctfill550ctype
21:27:33.999 [main] TRACE - Resolving type for handle ctborders0d66type
21:27:34.003 [main] TRACE - Resolving type for handle ctborderf935type
21:27:34.010 [main] TRACE - Resolving type for handle ctcellxfs1322type
21:27:34.017 [main] TRACE - Resolving type for handle ctxf97f7type
21:27:34.027 [main] TRACE - Resolving type for handle ctcellstylexfsa81ftype
21:27:34.033 [main] TRACE - Resolving type for handle ctdxfsb26atype
21:27:34.039 [main] TRACE - Resolving type for handle cttablestyles872ftype
21:27:34.050 [main] TRACE - Resolving type for handle sstf81fdoctype
21:27:34.062 [main] TRACE - Resolving type for handle ctsst44f3type
21:27:34.085 [main] TRACE - Resolving type for handle ctrsta472type
21:27:34.148 [main] DEBUG - using default POIXMLDocumentPart for http://schemas.openxmlformats.org/officeDocument/2006/relationships/printerSettings
21:27:34.150 [main] TRACE - Resolving type for handle workbookec17doctype
21:27:34.158 [main] TRACE - Resolving type for handle ctworkbook83c3type
21:27:34.164 [main] TRACE - Resolving type for handle ctsheets49fdtype
21:27:34.171 [main] TRACE - Resolving type for handle ctsheet4dbetype
21:27:34.174 [main] TRACE - Resolving type for handle strelationshipid1e94type
21:27:34.182 [main] TRACE - Resolving type for handle worksheetf539doctype
21:27:34.201 [main] TRACE - Resolving type for handle ctworksheet530dtype
21:27:34.215 [main] TRACE - Resolving type for handle ctsheetdata8408type
21:27:34.220 [main] TRACE - Resolving type for handle ctrowdd39type
21:27:34.228 [main] TRACE - Resolving type for handle ctcell842btype
21:27:34.238 [main] TRACE - Resolving type for handle stcellrefe4e0type
21:27:34.252 [main] TRACE - Resolving type for handle ctcols627ctype
21:27:34.257 [main] TRACE - Resolving type for handle ctcola95ftype
21:27:34.304 [main] TRACE - Resolving type for handle cthyperlinks6416type
21:27:34.310 [main] TRACE - Resolving type for handle cthyperlink0c85type
21:27:34.327 [main] TRACE - Resolving type for handle stxstringf179type
21:27:34.333 [main] TRACE - Resolving type for handle stcelltypebf95type
21:27:34.352 [main] TRACE - Resolving type for handle stcellstylexfid70c7type
21:27:34.360 [main] TRACE - Resolving type for handle stnumfmtid76fbtype
21:27:34.367 [main] TRACE - Resolving type for handle ctworkbookpr03a5type
21:27:34.379 [main] INFO  - Amount is Entered
21:27:34.624 [main] INFO  - Date and Month are selected
21:27:35.219 [main] INFO  - Next button is clicked
21:27:35.860 [main] DEBUG - Parsing relationship: /xl/_rels/workbook.xml.rels
21:27:35.862 [main] DEBUG - Parsing relationship: /xl/worksheets/_rels/sheet1.xml.rels
21:27:35.864 [main] DEBUG - Parsing relationship: /_rels/.rels
21:27:35.889 [main] DEBUG - using default POIXMLDocumentPart for http://schemas.openxmlformats.org/officeDocument/2006/relationships/printerSettings
21:27:36.110 [main] DEBUG - Parsing relationship: /xl/_rels/workbook.xml.rels
21:27:36.111 [main] DEBUG - Parsing relationship: /xl/worksheets/_rels/sheet1.xml.rels
21:27:36.113 [main] DEBUG - Parsing relationship: /_rels/.rels
21:27:36.144 [main] DEBUG - using default POIXMLDocumentPart for http://schemas.openxmlformats.org/officeDocument/2006/relationships/printerSettings
21:27:36.432 [main] DEBUG - Parsing relationship: /xl/_rels/workbook.xml.rels
21:27:36.433 [main] DEBUG - Parsing relationship: /xl/worksheets/_rels/sheet1.xml.rels
21:27:36.435 [main] DEBUG - Parsing relationship: /_rels/.rels
21:27:36.459 [main] DEBUG - using default POIXMLDocumentPart for http://schemas.openxmlformats.org/officeDocument/2006/relationships/printerSettings
21:27:37.139 [main] DEBUG - Parsing relationship: /xl/_rels/workbook.xml.rels
21:27:37.141 [main] DEBUG - Parsing relationship: /xl/worksheets/_rels/sheet1.xml.rels
21:27:37.143 [main] DEBUG - Parsing relationship: /_rels/.rels
21:27:37.169 [main] DEBUG - using default POIXMLDocumentPart for http://schemas.openxmlformats.org/officeDocument/2006/relationships/printerSettings
21:27:37.379 [main] DEBUG - Parsing relationship: /xl/_rels/workbook.xml.rels
21:27:37.381 [main] DEBUG - Parsing relationship: /xl/worksheets/_rels/sheet1.xml.rels
21:27:37.383 [main] DEBUG - Parsing relationship: /_rels/.rels
21:27:37.407 [main] DEBUG - using default POIXMLDocumentPart for http://schemas.openxmlformats.org/officeDocument/2006/relationships/printerSettings
21:27:37.781 [main] DEBUG - Parsing relationship: /xl/_rels/workbook.xml.rels
21:27:37.783 [main] DEBUG - Parsing relationship: /xl/worksheets/_rels/sheet1.xml.rels
21:27:37.784 [main] DEBUG - Parsing relationship: /_rels/.rels
21:27:37.807 [main] DEBUG - using default POIXMLDocumentPart for http://schemas.openxmlformats.org/officeDocument/2006/relationships/printerSettings
21:27:38.007 [main] DEBUG - Parsing relationship: /xl/_rels/workbook.xml.rels
21:27:38.009 [main] DEBUG - Parsing relationship: /xl/worksheets/_rels/sheet1.xml.rels
21:27:38.011 [main] DEBUG - Parsing relationship: /_rels/.rels
21:27:38.031 [main] DEBUG - using default POIXMLDocumentPart for http://schemas.openxmlformats.org/officeDocument/2006/relationships/printerSettings
21:27:38.233 [main] DEBUG - Parsing relationship: /xl/_rels/workbook.xml.rels
21:27:38.234 [main] DEBUG - Parsing relationship: /xl/worksheets/_rels/sheet1.xml.rels
21:27:38.235 [main] DEBUG - Parsing relationship: /_rels/.rels
21:27:38.251 [main] DEBUG - using default POIXMLDocumentPart for http://schemas.openxmlformats.org/officeDocument/2006/relationships/printerSettings
21:27:38.404 [main] INFO  - Confirm Message is clicked
21:27:45.990 [main] DEBUG - Parsing relationship: /xl/_rels/workbook.xml.rels
21:27:45.992 [main] DEBUG - Parsing relationship: /xl/worksheets/_rels/sheet1.xml.rels
21:27:45.994 [main] DEBUG - Parsing relationship: /_rels/.rels
21:27:46.014 [main] DEBUG - using default POIXMLDocumentPart for http://schemas.openxmlformats.org/officeDocument/2006/relationships/printerSettings
21:27:46.102 [main] TRACE - Resolving type for handle ctsheetdimensiond310type
21:27:46.111 [main] TRACE - Resolving type for handle stref90a2type
21:27:46.145 [main] TRACE - Resolving type for handle propertiesee84doctype
21:27:46.157 [main] TRACE - Resolving type for handle ctproperties3f10type
21:27:46.215 [main] TRACE - Resolving type for handle properties288cdoctype
21:27:46.222 [main] TRACE - Resolving type for handle ctproperties2c18type
21:27:46.293 [main] DEBUG - Save content types part
21:27:46.426 [main] DEBUG - Save package relationships
21:27:46.431 [main] DEBUG - Save part 'docProps/app.xml'
21:27:46.432 [main] DEBUG - Save part 'docProps/core.xml'
21:27:46.436 [main] DEBUG - Save part 'xl/printerSettings/printerSettings1.bin'
21:27:46.436 [main] DEBUG - Save part 'xl/sharedStrings.xml'
21:27:46.437 [main] DEBUG - Save part 'xl/styles.xml'
21:27:46.440 [main] DEBUG - Save part 'xl/theme/theme1.xml'
21:27:46.442 [main] DEBUG - Save part 'xl/workbook.xml'
21:27:46.445 [main] DEBUG - Save part 'xl/worksheets/sheet1.xml'
21:27:46.505 [main] DEBUG - Parsing relationship: /xl/_rels/workbook.xml.rels
21:27:46.508 [main] DEBUG - Parsing relationship: /xl/worksheets/_rels/sheet1.xml.rels
21:27:46.510 [main] DEBUG - Parsing relationship: /_rels/.rels
21:27:46.530 [main] DEBUG - using default POIXMLDocumentPart for http://schemas.openxmlformats.org/officeDocument/2006/relationships/printerSettings
21:27:46.546 [main] TRACE - Resolving type for handle stfontid9d63type
21:27:46.549 [main] TRACE - Resolving type for handle stfillida097type
21:27:46.552 [main] TRACE - Resolving type for handle stborderid1a80type
21:27:46.561 [main] TRACE - Resolving type for handle ctcolord2c2type
21:27:46.569 [main] TRACE - Resolving type for handle ctpatternfill7452type
21:27:46.579 [main] TRACE - Resolving type for handle stpatterntype7939type
21:27:46.610 [main] DEBUG - Save content types part
21:27:46.615 [main] DEBUG - Save package relationships
21:27:46.617 [main] DEBUG - Save part 'docProps/app.xml'
21:27:46.617 [main] DEBUG - Save part 'docProps/core.xml'
21:27:46.619 [main] DEBUG - Save part 'xl/printerSettings/printerSettings1.bin'
21:27:46.620 [main] DEBUG - Save part 'xl/sharedStrings.xml'
21:27:46.623 [main] DEBUG - Save part 'xl/styles.xml'
21:27:46.626 [main] DEBUG - Save part 'xl/theme/theme1.xml'
21:27:46.627 [main] DEBUG - Save part 'xl/workbook.xml'
21:27:46.631 [main] DEBUG - Save part 'xl/worksheets/sheet1.xml'
21:27:48.644 [main] INFO  - Gift Card Label is clicked
21:27:50.839 [main] INFO  - Birthday Card is clicked
21:27:51.182 [main] DEBUG - Parsing relationship: /xl/_rels/workbook.xml.rels
21:27:51.183 [main] DEBUG - Parsing relationship: /xl/worksheets/_rels/sheet1.xml.rels
21:27:51.184 [main] DEBUG - Parsing relationship: /_rels/.rels
21:27:51.195 [main] DEBUG - using default POIXMLDocumentPart for http://schemas.openxmlformats.org/officeDocument/2006/relationships/printerSettings
21:27:51.207 [main] INFO  - Amount is Entered
21:27:51.369 [main] INFO  - Date and Month are selected
21:27:51.691 [main] INFO  - Next button is clicked
21:27:52.210 [main] DEBUG - Parsing relationship: /xl/_rels/workbook.xml.rels
21:27:52.211 [main] DEBUG - Parsing relationship: /xl/worksheets/_rels/sheet1.xml.rels
21:27:52.211 [main] DEBUG - Parsing relationship: /_rels/.rels
21:27:52.218 [main] DEBUG - using default POIXMLDocumentPart for http://schemas.openxmlformats.org/officeDocument/2006/relationships/printerSettings
21:27:52.366 [main] DEBUG - Parsing relationship: /xl/_rels/workbook.xml.rels
21:27:52.367 [main] DEBUG - Parsing relationship: /xl/worksheets/_rels/sheet1.xml.rels
21:27:52.368 [main] DEBUG - Parsing relationship: /_rels/.rels
21:27:52.382 [main] DEBUG - using default POIXMLDocumentPart for http://schemas.openxmlformats.org/officeDocument/2006/relationships/printerSettings
21:27:52.708 [main] DEBUG - Parsing relationship: /xl/_rels/workbook.xml.rels
21:27:52.709 [main] DEBUG - Parsing relationship: /xl/worksheets/_rels/sheet1.xml.rels
21:27:52.710 [main] DEBUG - Parsing relationship: /_rels/.rels
21:27:52.725 [main] DEBUG - using default POIXMLDocumentPart for http://schemas.openxmlformats.org/officeDocument/2006/relationships/printerSettings
21:27:53.157 [main] DEBUG - Parsing relationship: /xl/_rels/workbook.xml.rels
21:27:53.158 [main] DEBUG - Parsing relationship: /xl/worksheets/_rels/sheet1.xml.rels
21:27:53.159 [main] DEBUG - Parsing relationship: /_rels/.rels
21:27:53.174 [main] DEBUG - using default POIXMLDocumentPart for http://schemas.openxmlformats.org/officeDocument/2006/relationships/printerSettings
21:27:53.439 [main] DEBUG - Parsing relationship: /xl/_rels/workbook.xml.rels
21:27:53.440 [main] DEBUG - Parsing relationship: /xl/worksheets/_rels/sheet1.xml.rels
21:27:53.442 [main] DEBUG - Parsing relationship: /_rels/.rels
21:27:53.455 [main] DEBUG - using default POIXMLDocumentPart for http://schemas.openxmlformats.org/officeDocument/2006/relationships/printerSettings
21:27:53.716 [main] DEBUG - Parsing relationship: /xl/_rels/workbook.xml.rels
21:27:53.716 [main] DEBUG - Parsing relationship: /xl/worksheets/_rels/sheet1.xml.rels
21:27:53.718 [main] DEBUG - Parsing relationship: /_rels/.rels
21:27:53.732 [main] DEBUG - using default POIXMLDocumentPart for http://schemas.openxmlformats.org/officeDocument/2006/relationships/printerSettings
21:27:53.993 [main] DEBUG - Parsing relationship: /xl/_rels/workbook.xml.rels
21:27:53.995 [main] DEBUG - Parsing relationship: /xl/worksheets/_rels/sheet1.xml.rels
21:27:53.996 [main] DEBUG - Parsing relationship: /_rels/.rels
21:27:54.012 [main] DEBUG - using default POIXMLDocumentPart for http://schemas.openxmlformats.org/officeDocument/2006/relationships/printerSettings
21:27:54.264 [main] DEBUG - Parsing relationship: /xl/_rels/workbook.xml.rels
21:27:54.264 [main] DEBUG - Parsing relationship: /xl/worksheets/_rels/sheet1.xml.rels
21:27:54.265 [main] DEBUG - Parsing relationship: /_rels/.rels
21:27:54.277 [main] DEBUG - using default POIXMLDocumentPart for http://schemas.openxmlformats.org/officeDocument/2006/relationships/printerSettings
21:27:54.479 [main] INFO  - Confirm Message is clicked
21:28:02.411 [main] DEBUG - Parsing relationship: /xl/_rels/workbook.xml.rels
21:28:02.412 [main] DEBUG - Parsing relationship: /xl/worksheets/_rels/sheet1.xml.rels
21:28:02.413 [main] DEBUG - Parsing relationship: /_rels/.rels
21:28:02.422 [main] DEBUG - using default POIXMLDocumentPart for http://schemas.openxmlformats.org/officeDocument/2006/relationships/printerSettings
21:28:02.436 [main] DEBUG - Save content types part
21:28:02.438 [main] DEBUG - Save package relationships
21:28:02.441 [main] DEBUG - Save part 'docProps/app.xml'
21:28:02.441 [main] DEBUG - Save part 'docProps/core.xml'
21:28:02.443 [main] DEBUG - Save part 'xl/printerSettings/printerSettings1.bin'
21:28:02.444 [main] DEBUG - Save part 'xl/sharedStrings.xml'
21:28:02.445 [main] DEBUG - Save part 'xl/styles.xml'
21:28:02.445 [main] DEBUG - Save part 'xl/theme/theme1.xml'
21:28:02.446 [main] DEBUG - Save part 'xl/workbook.xml'
21:28:02.448 [main] DEBUG - Save part 'xl/worksheets/sheet1.xml'
21:28:02.478 [main] DEBUG - Parsing relationship: /xl/_rels/workbook.xml.rels
21:28:02.479 [main] DEBUG - Parsing relationship: /xl/worksheets/_rels/sheet1.xml.rels
21:28:02.480 [main] DEBUG - Parsing relationship: /_rels/.rels
21:28:02.489 [main] DEBUG - using default POIXMLDocumentPart for http://schemas.openxmlformats.org/officeDocument/2006/relationships/printerSettings
21:28:02.513 [main] DEBUG - Save content types part
21:28:02.516 [main] DEBUG - Save package relationships
21:28:02.517 [main] DEBUG - Save part 'docProps/app.xml'
21:28:02.517 [main] DEBUG - Save part 'docProps/core.xml'
21:28:02.520 [main] DEBUG - Save part 'xl/printerSettings/printerSettings1.bin'
21:28:02.521 [main] DEBUG - Save part 'xl/sharedStrings.xml'
21:28:02.521 [main] DEBUG - Save part 'xl/styles.xml'
21:28:02.522 [main] DEBUG - Save part 'xl/theme/theme1.xml'
21:28:02.522 [main] DEBUG - Save part 'xl/workbook.xml'
21:28:02.525 [main] DEBUG - Save part 'xl/worksheets/sheet1.xml'
21:30:08.456 [main] INFO  - BookShelf option is displayed
21:30:08.721 [main] INFO  - BookShelf option is clicked
21:30:14.269 [main] INFO  - PopUp is closed
21:30:18.333 [main] INFO  - Exclude Out of Stock option is clicked
21:30:21.096 [main] INFO  - Open Storage option is displayed
21:30:25.866 [main] INFO  - High to Low option in Sort By drop down is displayed
21:30:35.381 [main] INFO  - Living Label option is clicked
21:30:42.243 [main] INFO  - Gift Card Label is clicked
21:30:44.511 [main] INFO  - Birthday Card is clicked
21:30:45.060 [main] DEBUG - Parsing relationship: /xl/_rels/workbook.xml.rels
21:30:45.063 [main] DEBUG - Parsing relationship: /xl/worksheets/_rels/sheet1.xml.rels
21:30:45.067 [main] DEBUG - Parsing relationship: /_rels/.rels
21:30:45.264 [main] TRACE - Loading type system org.apache.poi.schemas.ooxml.system.ooxml
21:30:45.267 [main] TRACE - Loading type system org.apache.xmlbeans.metadata.system.sXMLCONFIG
21:30:45.267 [main] TRACE - Loading type system org.apache.xmlbeans.metadata.system.sXMLLANG
21:30:45.268 [main] TRACE - Loading type system org.apache.xmlbeans.metadata.system.sXMLSCHEMA
21:30:45.268 [main] TRACE - Loading type system org.apache.xmlbeans.metadata.system.sXMLTOOLS
21:30:45.269 [main] TRACE - Reading unresolved handles for type system org.apache.xmlbeans.metadata.system.sXMLTOOLS
21:30:45.282 [main] TRACE - Finished loading type system org.apache.xmlbeans.metadata.system.sXMLTOOLS
21:30:45.283 [main] TRACE - Reading unresolved handles for type system org.apache.xmlbeans.metadata.system.sXMLSCHEMA
21:30:45.287 [main] TRACE - Finished loading type system org.apache.xmlbeans.metadata.system.sXMLSCHEMA
21:30:45.288 [main] TRACE - Reading unresolved handles for type system org.apache.xmlbeans.metadata.system.sXMLLANG
21:30:45.290 [main] TRACE - Finished loading type system org.apache.xmlbeans.metadata.system.sXMLLANG
21:30:45.290 [main] TRACE - Reading unresolved handles for type system org.apache.xmlbeans.metadata.system.sXMLCONFIG
21:30:45.290 [main] TRACE - Finished loading type system org.apache.xmlbeans.metadata.system.sXMLCONFIG
21:30:45.291 [main] TRACE - Reading unresolved handles for type system org.apache.poi.schemas.ooxml.system.ooxml
21:30:45.399 [main] TRACE - Finished loading type system org.apache.poi.schemas.ooxml.system.ooxml
21:30:45.400 [main] TRACE - Resolving type for handle themefd26doctype
21:30:45.486 [main] TRACE - Resolving type for handle stylesheet5d8bdoctype
21:30:45.499 [main] TRACE - Resolving type for handle ctstylesheet4257type
21:30:45.504 [main] TRACE - Resolving type for handle ctnumfmtsb58btype
21:30:45.507 [main] TRACE - Resolving type for handle ctfonts6623type
21:30:45.512 [main] TRACE - Resolving type for handle ctfont14d8type
21:30:45.517 [main] TRACE - Resolving type for handle ctfills2c6ftype
21:30:45.520 [main] TRACE - Resolving type for handle ctfill550ctype
21:30:45.523 [main] TRACE - Resolving type for handle ctborders0d66type
21:30:45.529 [main] TRACE - Resolving type for handle ctborderf935type
21:30:45.534 [main] TRACE - Resolving type for handle ctcellxfs1322type
21:30:45.537 [main] TRACE - Resolving type for handle ctxf97f7type
21:30:45.546 [main] TRACE - Resolving type for handle ctcellstylexfsa81ftype
21:30:45.549 [main] TRACE - Resolving type for handle ctdxfsb26atype
21:30:45.552 [main] TRACE - Resolving type for handle cttablestyles872ftype
21:30:45.557 [main] TRACE - Resolving type for handle sstf81fdoctype
21:30:45.571 [main] TRACE - Resolving type for handle ctsst44f3type
21:30:45.589 [main] TRACE - Resolving type for handle ctrsta472type
21:30:45.637 [main] DEBUG - using default POIXMLDocumentPart for http://schemas.openxmlformats.org/officeDocument/2006/relationships/printerSettings
21:30:45.639 [main] TRACE - Resolving type for handle workbookec17doctype
21:30:45.646 [main] TRACE - Resolving type for handle ctworkbook83c3type
21:30:45.649 [main] TRACE - Resolving type for handle ctsheets49fdtype
21:30:45.651 [main] TRACE - Resolving type for handle ctsheet4dbetype
21:30:45.652 [main] TRACE - Resolving type for handle strelationshipid1e94type
21:30:45.654 [main] TRACE - Resolving type for handle worksheetf539doctype
21:30:45.668 [main] TRACE - Resolving type for handle ctworksheet530dtype
21:30:45.674 [main] TRACE - Resolving type for handle ctsheetdata8408type
21:30:45.678 [main] TRACE - Resolving type for handle ctrowdd39type
21:30:45.682 [main] TRACE - Resolving type for handle ctcell842btype
21:30:45.687 [main] TRACE - Resolving type for handle stcellrefe4e0type
21:30:45.702 [main] TRACE - Resolving type for handle ctcols627ctype
21:30:45.705 [main] TRACE - Resolving type for handle ctcola95ftype
21:30:45.738 [main] TRACE - Resolving type for handle cthyperlinks6416type
21:30:45.742 [main] TRACE - Resolving type for handle cthyperlink0c85type
21:30:45.751 [main] TRACE - Resolving type for handle stxstringf179type
21:30:45.753 [main] TRACE - Resolving type for handle stcelltypebf95type
21:30:45.758 [main] TRACE - Resolving type for handle stcellstylexfid70c7type
21:30:45.761 [main] TRACE - Resolving type for handle stnumfmtid76fbtype
21:30:45.764 [main] TRACE - Resolving type for handle ctworkbookpr03a5type
21:30:45.769 [main] INFO  - Amount is Entered
21:30:45.900 [main] INFO  - Date and Month are selected
21:30:46.253 [main] INFO  - Next button is clicked
21:30:46.790 [main] DEBUG - Parsing relationship: /xl/_rels/workbook.xml.rels
21:30:46.791 [main] DEBUG - Parsing relationship: /xl/worksheets/_rels/sheet1.xml.rels
21:30:46.796 [main] DEBUG - Parsing relationship: /_rels/.rels
21:30:46.818 [main] DEBUG - using default POIXMLDocumentPart for http://schemas.openxmlformats.org/officeDocument/2006/relationships/printerSettings
21:30:46.961 [main] DEBUG - Parsing relationship: /xl/_rels/workbook.xml.rels
21:30:46.962 [main] DEBUG - Parsing relationship: /xl/worksheets/_rels/sheet1.xml.rels
21:30:46.966 [main] DEBUG - Parsing relationship: /_rels/.rels
21:30:46.988 [main] DEBUG - using default POIXMLDocumentPart for http://schemas.openxmlformats.org/officeDocument/2006/relationships/printerSettings
21:30:47.192 [main] DEBUG - Parsing relationship: /xl/_rels/workbook.xml.rels
21:30:47.193 [main] DEBUG - Parsing relationship: /xl/worksheets/_rels/sheet1.xml.rels
21:30:47.197 [main] DEBUG - Parsing relationship: /_rels/.rels
21:30:47.219 [main] DEBUG - using default POIXMLDocumentPart for http://schemas.openxmlformats.org/officeDocument/2006/relationships/printerSettings
21:30:47.617 [main] DEBUG - Parsing relationship: /xl/_rels/workbook.xml.rels
21:30:47.618 [main] DEBUG - Parsing relationship: /xl/worksheets/_rels/sheet1.xml.rels
21:30:47.619 [main] DEBUG - Parsing relationship: /_rels/.rels
21:30:47.647 [main] DEBUG - using default POIXMLDocumentPart for http://schemas.openxmlformats.org/officeDocument/2006/relationships/printerSettings
21:30:47.841 [main] DEBUG - Parsing relationship: /xl/_rels/workbook.xml.rels
21:30:47.842 [main] DEBUG - Parsing relationship: /xl/worksheets/_rels/sheet1.xml.rels
21:30:47.845 [main] DEBUG - Parsing relationship: /_rels/.rels
21:30:47.865 [main] DEBUG - using default POIXMLDocumentPart for http://schemas.openxmlformats.org/officeDocument/2006/relationships/printerSettings
21:30:48.076 [main] DEBUG - Parsing relationship: /xl/_rels/workbook.xml.rels
21:30:48.077 [main] DEBUG - Parsing relationship: /xl/worksheets/_rels/sheet1.xml.rels
21:30:48.079 [main] DEBUG - Parsing relationship: /_rels/.rels
21:30:48.097 [main] DEBUG - using default POIXMLDocumentPart for http://schemas.openxmlformats.org/officeDocument/2006/relationships/printerSettings
21:30:48.306 [main] DEBUG - Parsing relationship: /xl/_rels/workbook.xml.rels
21:30:48.307 [main] DEBUG - Parsing relationship: /xl/worksheets/_rels/sheet1.xml.rels
21:30:48.311 [main] DEBUG - Parsing relationship: /_rels/.rels
21:30:48.331 [main] DEBUG - using default POIXMLDocumentPart for http://schemas.openxmlformats.org/officeDocument/2006/relationships/printerSettings
21:30:48.505 [main] DEBUG - Parsing relationship: /xl/_rels/workbook.xml.rels
21:30:48.506 [main] DEBUG - Parsing relationship: /xl/worksheets/_rels/sheet1.xml.rels
21:30:48.506 [main] DEBUG - Parsing relationship: /_rels/.rels
21:30:48.521 [main] DEBUG - using default POIXMLDocumentPart for http://schemas.openxmlformats.org/officeDocument/2006/relationships/printerSettings
21:30:48.701 [main] INFO  - Confirm Message is clicked
21:35:51.492 [main] INFO  - BookShelf option is displayed
21:35:52.172 [main] INFO  - BookShelf option is clicked
21:35:58.282 [main] INFO  - PopUp is closed
21:36:02.315 [main] INFO  - Exclude Out of Stock option is clicked
21:36:05.251 [main] INFO  - Open Storage option is displayed
21:36:09.970 [main] INFO  - High to Low option in Sort By drop down is displayed
21:36:19.776 [main] INFO  - Living Label option is clicked
21:40:03.355 [main] INFO  - Gift Card Label is clicked
21:40:06.540 [main] INFO  - Birthday Card is clicked
21:40:07.153 [main] DEBUG - Parsing relationship: /xl/_rels/workbook.xml.rels
21:40:07.158 [main] DEBUG - Parsing relationship: /xl/worksheets/_rels/sheet1.xml.rels
21:40:07.162 [main] DEBUG - Parsing relationship: /_rels/.rels
21:40:07.408 [main] TRACE - Loading type system org.apache.poi.schemas.ooxml.system.ooxml
21:40:07.412 [main] TRACE - Loading type system org.apache.xmlbeans.metadata.system.sXMLCONFIG
21:40:07.413 [main] TRACE - Loading type system org.apache.xmlbeans.metadata.system.sXMLLANG
21:40:07.414 [main] TRACE - Loading type system org.apache.xmlbeans.metadata.system.sXMLSCHEMA
21:40:07.414 [main] TRACE - Loading type system org.apache.xmlbeans.metadata.system.sXMLTOOLS
21:40:07.417 [main] TRACE - Reading unresolved handles for type system org.apache.xmlbeans.metadata.system.sXMLTOOLS
21:40:07.443 [main] TRACE - Finished loading type system org.apache.xmlbeans.metadata.system.sXMLTOOLS
21:40:07.444 [main] TRACE - Reading unresolved handles for type system org.apache.xmlbeans.metadata.system.sXMLSCHEMA
21:40:07.452 [main] TRACE - Finished loading type system org.apache.xmlbeans.metadata.system.sXMLSCHEMA
21:40:07.455 [main] TRACE - Reading unresolved handles for type system org.apache.xmlbeans.metadata.system.sXMLLANG
21:40:07.457 [main] TRACE - Finished loading type system org.apache.xmlbeans.metadata.system.sXMLLANG
21:40:07.458 [main] TRACE - Reading unresolved handles for type system org.apache.xmlbeans.metadata.system.sXMLCONFIG
21:40:07.459 [main] TRACE - Finished loading type system org.apache.xmlbeans.metadata.system.sXMLCONFIG
21:40:07.460 [main] TRACE - Reading unresolved handles for type system org.apache.poi.schemas.ooxml.system.ooxml
21:40:07.576 [main] TRACE - Finished loading type system org.apache.poi.schemas.ooxml.system.ooxml
21:40:07.578 [main] TRACE - Resolving type for handle themefd26doctype
21:40:07.698 [main] TRACE - Resolving type for handle stylesheet5d8bdoctype
21:40:07.719 [main] TRACE - Resolving type for handle ctstylesheet4257type
21:40:07.730 [main] TRACE - Resolving type for handle ctnumfmtsb58btype
21:40:07.734 [main] TRACE - Resolving type for handle ctfonts6623type
21:40:07.742 [main] TRACE - Resolving type for handle ctfont14d8type
21:40:07.750 [main] TRACE - Resolving type for handle ctfills2c6ftype
21:40:07.754 [main] TRACE - Resolving type for handle ctfill550ctype
21:40:07.758 [main] TRACE - Resolving type for handle ctborders0d66type
21:40:07.762 [main] TRACE - Resolving type for handle ctborderf935type
21:40:07.767 [main] TRACE - Resolving type for handle ctcellxfs1322type
21:40:07.770 [main] TRACE - Resolving type for handle ctxf97f7type
21:40:07.775 [main] TRACE - Resolving type for handle ctcellstylexfsa81ftype
21:40:07.778 [main] TRACE - Resolving type for handle ctdxfsb26atype
21:40:07.783 [main] TRACE - Resolving type for handle cttablestyles872ftype
21:40:07.788 [main] TRACE - Resolving type for handle sstf81fdoctype
21:40:07.796 [main] TRACE - Resolving type for handle ctsst44f3type
21:40:07.815 [main] TRACE - Resolving type for handle ctrsta472type
21:40:07.874 [main] DEBUG - using default POIXMLDocumentPart for http://schemas.openxmlformats.org/officeDocument/2006/relationships/printerSettings
21:40:07.876 [main] TRACE - Resolving type for handle workbookec17doctype
21:40:07.882 [main] TRACE - Resolving type for handle ctworkbook83c3type
21:40:07.887 [main] TRACE - Resolving type for handle ctsheets49fdtype
21:40:07.889 [main] TRACE - Resolving type for handle ctsheet4dbetype
21:40:07.892 [main] TRACE - Resolving type for handle strelationshipid1e94type
21:40:07.896 [main] TRACE - Resolving type for handle worksheetf539doctype
21:40:07.908 [main] TRACE - Resolving type for handle ctworksheet530dtype
21:40:07.916 [main] TRACE - Resolving type for handle ctsheetdata8408type
21:40:07.919 [main] TRACE - Resolving type for handle ctrowdd39type
21:40:07.925 [main] TRACE - Resolving type for handle ctcell842btype
21:40:07.932 [main] TRACE - Resolving type for handle stcellrefe4e0type
21:40:07.954 [main] TRACE - Resolving type for handle ctcols627ctype
21:40:07.961 [main] TRACE - Resolving type for handle ctcola95ftype
21:40:07.984 [main] TRACE - Resolving type for handle cthyperlinks6416type
21:40:07.987 [main] TRACE - Resolving type for handle cthyperlink0c85type
21:40:08.002 [main] TRACE - Resolving type for handle stxstringf179type
21:40:08.006 [main] TRACE - Resolving type for handle stcelltypebf95type
21:40:08.020 [main] TRACE - Resolving type for handle stcellstylexfid70c7type
21:40:08.027 [main] TRACE - Resolving type for handle stnumfmtid76fbtype
21:40:08.032 [main] TRACE - Resolving type for handle ctworkbookpr03a5type
21:40:08.042 [main] INFO  - Amount is Entered
21:40:08.283 [main] INFO  - Date and Month are selected
21:40:08.853 [main] INFO  - Next button is clicked
21:40:09.463 [main] DEBUG - Parsing relationship: /xl/_rels/workbook.xml.rels
21:40:09.465 [main] DEBUG - Parsing relationship: /xl/worksheets/_rels/sheet1.xml.rels
21:40:09.470 [main] DEBUG - Parsing relationship: /_rels/.rels
21:40:09.501 [main] DEBUG - using default POIXMLDocumentPart for http://schemas.openxmlformats.org/officeDocument/2006/relationships/printerSettings
21:40:09.712 [main] DEBUG - Parsing relationship: /xl/_rels/workbook.xml.rels
21:40:09.713 [main] DEBUG - Parsing relationship: /xl/worksheets/_rels/sheet1.xml.rels
21:40:09.716 [main] DEBUG - Parsing relationship: /_rels/.rels
21:40:09.732 [main] DEBUG - using default POIXMLDocumentPart for http://schemas.openxmlformats.org/officeDocument/2006/relationships/printerSettings
21:40:09.973 [main] DEBUG - Parsing relationship: /xl/_rels/workbook.xml.rels
21:40:09.974 [main] DEBUG - Parsing relationship: /xl/worksheets/_rels/sheet1.xml.rels
21:40:09.976 [main] DEBUG - Parsing relationship: /_rels/.rels
21:40:09.993 [main] DEBUG - using default POIXMLDocumentPart for http://schemas.openxmlformats.org/officeDocument/2006/relationships/printerSettings
21:40:10.460 [main] DEBUG - Parsing relationship: /xl/_rels/workbook.xml.rels
21:40:10.461 [main] DEBUG - Parsing relationship: /xl/worksheets/_rels/sheet1.xml.rels
21:40:10.462 [main] DEBUG - Parsing relationship: /_rels/.rels
21:40:10.481 [main] DEBUG - using default POIXMLDocumentPart for http://schemas.openxmlformats.org/officeDocument/2006/relationships/printerSettings
21:40:10.689 [main] DEBUG - Parsing relationship: /xl/_rels/workbook.xml.rels
21:40:10.690 [main] DEBUG - Parsing relationship: /xl/worksheets/_rels/sheet1.xml.rels
21:40:10.696 [main] DEBUG - Parsing relationship: /_rels/.rels
