21:40:10.715 [main] DEBUG - using default POIXMLDocumentPart for http://schemas.openxmlformats.org/officeDocument/2006/relationships/printerSettings
21:40:11.075 [main] DEBUG - Parsing relationship: /xl/_rels/workbook.xml.rels
21:40:11.077 [main] DEBUG - Parsing relationship: /xl/worksheets/_rels/sheet1.xml.rels
21:40:11.079 [main] DEBUG - Parsing relationship: /_rels/.rels
21:40:11.101 [main] DEBUG - using default POIXMLDocumentPart for http://schemas.openxmlformats.org/officeDocument/2006/relationships/printerSettings
21:40:11.415 [main] DEBUG - Parsing relationship: /xl/_rels/workbook.xml.rels
21:40:11.419 [main] DEBUG - Parsing relationship: /xl/worksheets/_rels/sheet1.xml.rels
21:40:11.420 [main] DEBUG - Parsing relationship: /_rels/.rels
21:40:11.435 [main] DEBUG - using default POIXMLDocumentPart for http://schemas.openxmlformats.org/officeDocument/2006/relationships/printerSettings
21:40:11.941 [main] DEBUG - Parsing relationship: /xl/_rels/workbook.xml.rels
21:40:11.943 [main] DEBUG - Parsing relationship: /xl/worksheets/_rels/sheet1.xml.rels
21:40:11.947 [main] DEBUG - Parsing relationship: /_rels/.rels
21:40:11.982 [main] DEBUG - using default POIXMLDocumentPart for http://schemas.openxmlformats.org/officeDocument/2006/relationships/printerSettings
21:40:12.543 [main] INFO  - Confirm Message is clicked
21:40:20.482 [main] DEBUG - Parsing relationship: /xl/_rels/workbook.xml.rels
21:40:20.484 [main] DEBUG - Parsing relationship: /xl/worksheets/_rels/sheet1.xml.rels
21:40:20.486 [main] DEBUG - Parsing relationship: /_rels/.rels
21:40:20.510 [main] DEBUG - using default POIXMLDocumentPart for http://schemas.openxmlformats.org/officeDocument/2006/relationships/printerSettings
21:40:20.564 [main] TRACE - Resolving type for handle ctsheetdimensiond310type
21:40:20.571 [main] TRACE - Resolving type for handle stref90a2type
21:40:20.598 [main] TRACE - Resolving type for handle propertiesee84doctype
21:40:20.604 [main] TRACE - Resolving type for handle ctproperties3f10type
21:40:20.624 [main] TRACE - Resolving type for handle properties288cdoctype
21:40:20.626 [main] TRACE - Resolving type for handle ctproperties2c18type
21:40:20.664 [main] DEBUG - Save content types part
21:40:20.874 [main] DEBUG - Save package relationships
21:40:20.882 [main] DEBUG - Save part 'docProps/app.xml'
21:40:20.884 [main] DEBUG - Save part 'docProps/core.xml'
21:40:20.892 [main] DEBUG - Save part 'xl/printerSettings/printerSettings1.bin'
21:40:20.893 [main] DEBUG - Save part 'xl/sharedStrings.xml'
21:40:20.893 [main] DEBUG - Save part 'xl/styles.xml'
21:40:20.898 [main] DEBUG - Save part 'xl/theme/theme1.xml'
21:40:20.902 [main] DEBUG - Save part 'xl/workbook.xml'
21:40:20.907 [main] DEBUG - Save part 'xl/worksheets/sheet1.xml'
21:40:21.059 [main] DEBUG - Parsing relationship: /xl/_rels/workbook.xml.rels
21:40:21.061 [main] DEBUG - Parsing relationship: /xl/worksheets/_rels/sheet1.xml.rels
21:40:21.063 [main] DEBUG - Parsing relationship: /_rels/.rels
21:40:21.086 [main] DEBUG - using default POIXMLDocumentPart for http://schemas.openxmlformats.org/officeDocument/2006/relationships/printerSettings
21:40:21.109 [main] TRACE - Resolving type for handle stfontid9d63type
21:40:21.116 [main] TRACE - Resolving type for handle stfillida097type
21:40:21.123 [main] TRACE - Resolving type for handle stborderid1a80type
21:40:21.127 [main] TRACE - Resolving type for handle ctcolord2c2type
21:40:21.143 [main] TRACE - Resolving type for handle ctpatternfill7452type
21:40:21.153 [main] TRACE - Resolving type for handle stpatterntype7939type
21:40:21.199 [main] DEBUG - Save content types part
21:40:21.205 [main] DEBUG - Save package relationships
21:40:21.209 [main] DEBUG - Save part 'docProps/app.xml'
21:40:21.209 [main] DEBUG - Save part 'docProps/core.xml'
21:40:21.216 [main] DEBUG - Save part 'xl/printerSettings/printerSettings1.bin'
21:40:21.217 [main] DEBUG - Save part 'xl/sharedStrings.xml'
21:40:21.219 [main] DEBUG - Save part 'xl/styles.xml'
21:40:21.220 [main] DEBUG - Save part 'xl/theme/theme1.xml'
21:40:21.222 [main] DEBUG - Save part 'xl/workbook.xml'
21:40:21.226 [main] DEBUG - Save part 'xl/worksheets/sheet1.xml'
21:40:23.180 [main] INFO  - Gift Card Label is clicked
21:40:25.046 [main] INFO  - Birthday Card is clicked
21:40:25.423 [main] DEBUG - Parsing relationship: /xl/_rels/workbook.xml.rels
21:40:25.424 [main] DEBUG - Parsing relationship: /xl/worksheets/_rels/sheet1.xml.rels
21:40:25.425 [main] DEBUG - Parsing relationship: /_rels/.rels
21:40:25.436 [main] DEBUG - using default POIXMLDocumentPart for http://schemas.openxmlformats.org/officeDocument/2006/relationships/printerSettings
21:40:25.446 [main] INFO  - Amount is Entered
21:40:25.606 [main] INFO  - Date and Month are selected
21:40:25.943 [main] INFO  - Next button is clicked
21:40:26.342 [main] DEBUG - Parsing relationship: /xl/_rels/workbook.xml.rels
21:40:26.343 [main] DEBUG - Parsing relationship: /xl/worksheets/_rels/sheet1.xml.rels
21:40:26.344 [main] DEBUG - Parsing relationship: /_rels/.rels
21:40:26.353 [main] DEBUG - using default POIXMLDocumentPart for http://schemas.openxmlformats.org/officeDocument/2006/relationships/printerSettings
21:40:26.501 [main] DEBUG - Parsing relationship: /xl/_rels/workbook.xml.rels
21:40:26.502 [main] DEBUG - Parsing relationship: /xl/worksheets/_rels/sheet1.xml.rels
21:40:26.503 [main] DEBUG - Parsing relationship: /_rels/.rels
21:40:26.518 [main] DEBUG - using default POIXMLDocumentPart for http://schemas.openxmlformats.org/officeDocument/2006/relationships/printerSettings
21:40:26.748 [main] DEBUG - Parsing relationship: /xl/_rels/workbook.xml.rels
21:40:26.749 [main] DEBUG - Parsing relationship: /xl/worksheets/_rels/sheet1.xml.rels
21:40:26.750 [main] DEBUG - Parsing relationship: /_rels/.rels
21:40:26.758 [main] DEBUG - using default POIXMLDocumentPart for http://schemas.openxmlformats.org/officeDocument/2006/relationships/printerSettings
21:40:27.134 [main] DEBUG - Parsing relationship: /xl/_rels/workbook.xml.rels
21:40:27.134 [main] DEBUG - Parsing relationship: /xl/worksheets/_rels/sheet1.xml.rels
21:40:27.135 [main] DEBUG - Parsing relationship: /_rels/.rels
21:40:27.148 [main] DEBUG - using default POIXMLDocumentPart for http://schemas.openxmlformats.org/officeDocument/2006/relationships/printerSettings
21:40:27.304 [main] DEBUG - Parsing relationship: /xl/_rels/workbook.xml.rels
21:40:27.305 [main] DEBUG - Parsing relationship: /xl/worksheets/_rels/sheet1.xml.rels
21:40:27.306 [main] DEBUG - Parsing relationship: /_rels/.rels
21:40:27.314 [main] DEBUG - using default POIXMLDocumentPart for http://schemas.openxmlformats.org/officeDocument/2006/relationships/printerSettings
21:40:27.506 [main] DEBUG - Parsing relationship: /xl/_rels/workbook.xml.rels
21:40:27.507 [main] DEBUG - Parsing relationship: /xl/worksheets/_rels/sheet1.xml.rels
21:40:27.511 [main] DEBUG - Parsing relationship: /_rels/.rels
21:40:27.520 [main] DEBUG - using default POIXMLDocumentPart for http://schemas.openxmlformats.org/officeDocument/2006/relationships/printerSettings
21:40:27.689 [main] DEBUG - Parsing relationship: /xl/_rels/workbook.xml.rels
21:40:27.689 [main] DEBUG - Parsing relationship: /xl/worksheets/_rels/sheet1.xml.rels
21:40:27.690 [main] DEBUG - Parsing relationship: /_rels/.rels
21:40:27.701 [main] DEBUG - using default POIXMLDocumentPart for http://schemas.openxmlformats.org/officeDocument/2006/relationships/printerSettings
21:40:27.854 [main] DEBUG - Parsing relationship: /xl/_rels/workbook.xml.rels
21:40:27.854 [main] DEBUG - Parsing relationship: /xl/worksheets/_rels/sheet1.xml.rels
21:40:27.855 [main] DEBUG - Parsing relationship: /_rels/.rels
21:40:27.865 [main] DEBUG - using default POIXMLDocumentPart for http://schemas.openxmlformats.org/officeDocument/2006/relationships/printerSettings
21:40:28.016 [main] INFO  - Confirm Message is clicked
21:40:35.877 [main] DEBUG - Parsing relationship: /xl/_rels/workbook.xml.rels
21:40:35.877 [main] DEBUG - Parsing relationship: /xl/worksheets/_rels/sheet1.xml.rels
21:40:35.878 [main] DEBUG - Parsing relationship: /_rels/.rels
21:40:35.883 [main] DEBUG - using default POIXMLDocumentPart for http://schemas.openxmlformats.org/officeDocument/2006/relationships/printerSettings
21:40:35.915 [main] DEBUG - Save content types part
21:40:35.920 [main] DEBUG - Save package relationships
21:40:35.926 [main] DEBUG - Save part 'docProps/app.xml'
21:40:35.927 [main] DEBUG - Save part 'docProps/core.xml'
21:40:35.932 [main] DEBUG - Save part 'xl/printerSettings/printerSettings1.bin'
21:40:35.933 [main] DEBUG - Save part 'xl/sharedStrings.xml'
21:40:35.933 [main] DEBUG - Save part 'xl/styles.xml'
21:40:35.934 [main] DEBUG - Save part 'xl/theme/theme1.xml'
21:40:35.934 [main] DEBUG - Save part 'xl/workbook.xml'
21:40:35.936 [main] DEBUG - Save part 'xl/worksheets/sheet1.xml'
21:40:35.968 [main] DEBUG - Parsing relationship: /xl/_rels/workbook.xml.rels
21:40:35.970 [main] DEBUG - Parsing relationship: /xl/worksheets/_rels/sheet1.xml.rels
21:40:35.971 [main] DEBUG - Parsing relationship: /_rels/.rels
21:40:35.977 [main] DEBUG - using default POIXMLDocumentPart for http://schemas.openxmlformats.org/officeDocument/2006/relationships/printerSettings
21:40:35.997 [main] DEBUG - Save content types part
21:40:36.000 [main] DEBUG - Save package relationships
21:40:36.001 [main] DEBUG - Save part 'docProps/app.xml'
21:40:36.002 [main] DEBUG - Save part 'docProps/core.xml'
21:40:36.003 [main] DEBUG - Save part 'xl/printerSettings/printerSettings1.bin'
21:40:36.004 [main] DEBUG - Save part 'xl/sharedStrings.xml'
21:40:36.004 [main] DEBUG - Save part 'xl/styles.xml'
21:40:36.004 [main] DEBUG - Save part 'xl/theme/theme1.xml'
21:40:36.005 [main] DEBUG - Save part 'xl/workbook.xml'
21:40:36.007 [main] DEBUG - Save part 'xl/worksheets/sheet1.xml'
21:43:14.053 [main] INFO  - BookShelf option is displayed
21:43:14.218 [main] INFO  - BookShelf option is clicked
21:43:20.425 [main] INFO  - PopUp is closed
21:43:24.451 [main] INFO  - Exclude Out of Stock option is clicked
21:43:27.357 [main] INFO  - Open Storage option is displayed
21:43:32.217 [main] INFO  - High to Low option in Sort By drop down is displayed
21:43:42.107 [main] INFO  - Living Label option is clicked
21:46:36.183 [main] INFO  - BookShelf option is displayed
21:46:36.959 [main] INFO  - BookShelf option is clicked
21:46:42.519 [main] INFO  - PopUp is closed
21:46:46.584 [main] INFO  - Exclude Out of Stock option is clicked
21:46:49.228 [main] INFO  - Open Storage option is displayed
21:46:54.048 [main] INFO  - High to Low option in Sort By drop down is displayed
21:46:58.726 [main] INFO  - Living Label option is clicked
21:49:13.900 [main] INFO  - BookShelf option is displayed
21:49:14.732 [main] INFO  - BookShelf option is clicked
21:49:20.549 [main] INFO  - PopUp is closed
21:49:24.881 [main] INFO  - Exclude Out of Stock option is clicked
21:49:27.646 [main] INFO  - Open Storage option is displayed
21:49:32.359 [main] INFO  - High to Low option in Sort By drop down is displayed
21:49:37.267 [main] INFO  - Living Label option is clicked
21:51:58.266 [main] INFO  - BookShelf option is displayed
21:51:58.444 [main] INFO  - BookShelf option is clicked
21:52:04.577 [main] INFO  - PopUp is closed
21:52:08.640 [main] INFO  - Exclude Out of Stock option is clicked
21:52:11.407 [main] INFO  - Open Storage option is displayed
21:52:16.106 [main] INFO  - High to Low option in Sort By drop down is displayed
21:52:20.669 [main] INFO  - Living Label option is clicked
10:38:36.086 [main] INFO  - BookShelf option is displayed
10:38:37.458 [main] INFO  - BookShelf option is clicked
10:38:45.913 [main] INFO  - PopUp is closed
10:38:51.745 [main] INFO  - Exclude Out of Stock option is clicked
10:38:54.801 [main] INFO  - Open Storage option is displayed
10:38:59.707 [main] INFO  - High to Low option in Sort By drop down is displayed
10:39:05.024 [main] INFO  - Living Label option is clicked
10:39:12.287 [main] INFO  - Gift Card Label is clicked
10:39:16.507 [main] INFO  - Birthday Card is clicked
10:39:17.168 [main] DEBUG - Parsing relationship: /xl/_rels/workbook.xml.rels
10:39:17.173 [main] DEBUG - Parsing relationship: /xl/worksheets/_rels/sheet1.xml.rels
10:39:17.178 [main] DEBUG - Parsing relationship: /_rels/.rels
10:39:17.509 [main] TRACE - Loading type system org.apache.poi.schemas.ooxml.system.ooxml
10:39:17.519 [main] TRACE - Loading type system org.apache.xmlbeans.metadata.system.sXMLCONFIG
10:39:17.522 [main] TRACE - Loading type system org.apache.xmlbeans.metadata.system.sXMLLANG
10:39:17.524 [main] TRACE - Loading type system org.apache.xmlbeans.metadata.system.sXMLSCHEMA
10:39:17.525 [main] TRACE - Loading type system org.apache.xmlbeans.metadata.system.sXMLTOOLS
10:39:17.526 [main] TRACE - Reading unresolved handles for type system org.apache.xmlbeans.metadata.system.sXMLTOOLS
10:39:17.545 [main] TRACE - Finished loading type system org.apache.xmlbeans.metadata.system.sXMLTOOLS
10:39:17.546 [main] TRACE - Reading unresolved handles for type system org.apache.xmlbeans.metadata.system.sXMLSCHEMA
10:39:17.554 [main] TRACE - Finished loading type system org.apache.xmlbeans.metadata.system.sXMLSCHEMA
10:39:17.556 [main] TRACE - Reading unresolved handles for type system org.apache.xmlbeans.metadata.system.sXMLLANG
10:39:17.557 [main] TRACE - Finished loading type system org.apache.xmlbeans.metadata.system.sXMLLANG
10:39:17.559 [main] TRACE - Reading unresolved handles for type system org.apache.xmlbeans.metadata.system.sXMLCONFIG
10:39:17.560 [main] TRACE - Finished loading type system org.apache.xmlbeans.metadata.system.sXMLCONFIG
10:39:17.560 [main] TRACE - Reading unresolved handles for type system org.apache.poi.schemas.ooxml.system.ooxml
10:39:17.701 [main] TRACE - Finished loading type system org.apache.poi.schemas.ooxml.system.ooxml
10:39:17.703 [main] TRACE - Resolving type for handle themefd26doctype
10:39:17.836 [main] TRACE - Resolving type for handle stylesheet5d8bdoctype
10:39:17.852 [main] TRACE - Resolving type for handle ctstylesheet4257type
10:39:17.869 [main] TRACE - Resolving type for handle ctnumfmtsb58btype
10:39:17.875 [main] TRACE - Resolving type for handle ctfonts6623type
10:39:17.882 [main] TRACE - Resolving type for handle ctfont14d8type
10:39:17.894 [main] TRACE - Resolving type for handle ctfills2c6ftype
10:39:17.899 [main] TRACE - Resolving type for handle ctfill550ctype
10:39:17.903 [main] TRACE - Resolving type for handle ctborders0d66type
10:39:17.909 [main] TRACE - Resolving type for handle ctborderf935type
10:39:17.914 [main] TRACE - Resolving type for handle ctcellxfs1322type
10:39:17.920 [main] TRACE - Resolving type for handle ctxf97f7type
10:39:17.929 [main] TRACE - Resolving type for handle ctcellstylexfsa81ftype
10:39:17.934 [main] TRACE - Resolving type for handle ctdxfsb26atype
10:39:17.939 [main] TRACE - Resolving type for handle cttablestyles872ftype
10:39:17.946 [main] TRACE - Resolving type for handle sstf81fdoctype
10:39:17.956 [main] TRACE - Resolving type for handle ctsst44f3type
10:39:17.975 [main] TRACE - Resolving type for handle ctrsta472type
10:39:18.073 [main] DEBUG - using default POIXMLDocumentPart for http://schemas.openxmlformats.org/officeDocument/2006/relationships/printerSettings
10:39:18.079 [main] TRACE - Resolving type for handle workbookec17doctype
10:39:18.088 [main] TRACE - Resolving type for handle ctworkbook83c3type
10:39:18.100 [main] TRACE - Resolving type for handle ctsheets49fdtype
10:39:18.107 [main] TRACE - Resolving type for handle ctsheet4dbetype
10:39:18.113 [main] TRACE - Resolving type for handle strelationshipid1e94type
10:39:18.123 [main] TRACE - Resolving type for handle worksheetf539doctype
10:39:18.167 [main] TRACE - Resolving type for handle ctworksheet530dtype
10:39:18.192 [main] TRACE - Resolving type for handle ctcols627ctype
10:39:18.203 [main] TRACE - Resolving type for handle ctcola95ftype
10:39:18.258 [main] TRACE - Resolving type for handle ctsheetdata8408type
10:39:18.270 [main] TRACE - Resolving type for handle ctrowdd39type
10:39:18.295 [main] TRACE - Resolving type for handle ctcell842btype
10:39:18.313 [main] TRACE - Resolving type for handle stcellrefe4e0type
10:39:18.335 [main] TRACE - Resolving type for handle cthyperlinks6416type
10:39:18.342 [main] TRACE - Resolving type for handle cthyperlink0c85type
10:39:18.367 [main] TRACE - Resolving type for handle stxstringf179type
10:39:18.374 [main] TRACE - Resolving type for handle stcelltypebf95type
10:39:18.395 [main] TRACE - Resolving type for handle stcellstylexfid70c7type
10:39:18.409 [main] TRACE - Resolving type for handle stnumfmtid76fbtype
10:39:18.419 [main] TRACE - Resolving type for handle ctworkbookpr03a5type
10:39:18.435 [main] INFO  - Amount is Entered
10:39:18.707 [main] INFO  - Date and Month are selected
10:39:19.251 [main] INFO  - Next button is clicked
10:39:19.911 [main] DEBUG - Parsing relationship: /xl/_rels/workbook.xml.rels
10:39:19.913 [main] DEBUG - Parsing relationship: /xl/worksheets/_rels/sheet1.xml.rels
10:39:19.918 [main] DEBUG - Parsing relationship: /_rels/.rels
10:39:19.957 [main] DEBUG - using default POIXMLDocumentPart for http://schemas.openxmlformats.org/officeDocument/2006/relationships/printerSettings
10:39:20.238 [main] DEBUG - Parsing relationship: /xl/_rels/workbook.xml.rels
10:39:20.240 [main] DEBUG - Parsing relationship: /xl/worksheets/_rels/sheet1.xml.rels
10:39:20.243 [main] DEBUG - Parsing relationship: /_rels/.rels
10:39:20.278 [main] DEBUG - using default POIXMLDocumentPart for http://schemas.openxmlformats.org/officeDocument/2006/relationships/printerSettings
10:39:20.578 [main] DEBUG - Parsing relationship: /xl/_rels/workbook.xml.rels
10:39:20.580 [main] DEBUG - Parsing relationship: /xl/worksheets/_rels/sheet1.xml.rels
10:39:20.584 [main] DEBUG - Parsing relationship: /_rels/.rels
10:39:20.613 [main] DEBUG - using default POIXMLDocumentPart for http://schemas.openxmlformats.org/officeDocument/2006/relationships/printerSettings
10:39:21.497 [main] DEBUG - Parsing relationship: /xl/_rels/workbook.xml.rels
10:39:21.499 [main] DEBUG - Parsing relationship: /xl/worksheets/_rels/sheet1.xml.rels
10:39:21.503 [main] DEBUG - Parsing relationship: /_rels/.rels
10:39:21.525 [main] DEBUG - using default POIXMLDocumentPart for http://schemas.openxmlformats.org/officeDocument/2006/relationships/printerSettings
10:39:21.791 [main] DEBUG - Parsing relationship: /xl/_rels/workbook.xml.rels
10:39:21.794 [main] DEBUG - Parsing relationship: /xl/worksheets/_rels/sheet1.xml.rels
10:39:21.802 [main] DEBUG - Parsing relationship: /_rels/.rels
10:39:21.835 [main] DEBUG - using default POIXMLDocumentPart for http://schemas.openxmlformats.org/officeDocument/2006/relationships/printerSettings
10:39:22.179 [main] DEBUG - Parsing relationship: /xl/_rels/workbook.xml.rels
10:39:22.181 [main] DEBUG - Parsing relationship: /xl/worksheets/_rels/sheet1.xml.rels
10:39:22.184 [main] DEBUG - Parsing relationship: /_rels/.rels
10:39:22.210 [main] DEBUG - using default POIXMLDocumentPart for http://schemas.openxmlformats.org/officeDocument/2006/relationships/printerSettings
10:39:22.506 [main] DEBUG - Parsing relationship: /xl/_rels/workbook.xml.rels
10:39:22.508 [main] DEBUG - Parsing relationship: /xl/worksheets/_rels/sheet1.xml.rels
10:39:22.510 [main] DEBUG - Parsing relationship: /_rels/.rels
10:39:22.536 [main] DEBUG - using default POIXMLDocumentPart for http://schemas.openxmlformats.org/officeDocument/2006/relationships/printerSettings
10:39:22.804 [main] DEBUG - Parsing relationship: /xl/_rels/workbook.xml.rels
10:39:22.805 [main] DEBUG - Parsing relationship: /xl/worksheets/_rels/sheet1.xml.rels
10:39:22.806 [main] DEBUG - Parsing relationship: /_rels/.rels
10:39:22.827 [main] DEBUG - using default POIXMLDocumentPart for http://schemas.openxmlformats.org/officeDocument/2006/relationships/printerSettings
10:39:23.041 [main] INFO  - Confirm Message is clicked
10:39:30.612 [main] DEBUG - Parsing relationship: /xl/_rels/workbook.xml.rels
10:39:30.615 [main] DEBUG - Parsing relationship: /xl/worksheets/_rels/sheet1.xml.rels
10:39:30.618 [main] DEBUG - Parsing relationship: /_rels/.rels
10:39:30.629 [main] DEBUG - using default POIXMLDocumentPart for http://schemas.openxmlformats.org/officeDocument/2006/relationships/printerSettings
10:39:30.688 [main] TRACE - Resolving type for handle ctsheetdimensiond310type
10:39:30.692 [main] TRACE - Resolving type for handle stref90a2type
10:39:30.735 [main] TRACE - Resolving type for handle propertiesee84doctype
10:39:30.739 [main] TRACE - Resolving type for handle ctproperties3f10type
10:39:30.760 [main] TRACE - Resolving type for handle properties288cdoctype
10:39:30.769 [main] TRACE - Resolving type for handle ctproperties2c18type
10:39:30.824 [main] DEBUG - Save content types part
10:39:31.075 [main] DEBUG - Save package relationships
10:39:31.085 [main] DEBUG - Save part 'docProps/app.xml'
10:39:31.086 [main] DEBUG - Save part 'docProps/core.xml'
10:39:31.098 [main] DEBUG - Save part 'xl/printerSettings/printerSettings1.bin'
10:39:31.100 [main] DEBUG - Save part 'xl/sharedStrings.xml'
10:39:31.102 [main] DEBUG - Save part 'xl/styles.xml'
10:39:31.103 [main] DEBUG - Save part 'xl/theme/theme1.xml'
10:39:31.104 [main] DEBUG - Save part 'xl/workbook.xml'
10:39:31.109 [main] DEBUG - Save part 'xl/worksheets/sheet1.xml'
10:39:31.217 [main] DEBUG - Parsing relationship: /xl/_rels/workbook.xml.rels
10:39:31.220 [main] DEBUG - Parsing relationship: /xl/worksheets/_rels/sheet1.xml.rels
10:39:31.222 [main] DEBUG - Parsing relationship: /_rels/.rels
10:39:31.245 [main] DEBUG - using default POIXMLDocumentPart for http://schemas.openxmlformats.org/officeDocument/2006/relationships/printerSettings
10:39:31.272 [main] TRACE - Resolving type for handle stfontid9d63type
10:39:31.283 [main] TRACE - Resolving type for handle stfillida097type
10:39:31.291 [main] TRACE - Resolving type for handle stborderid1a80type
10:39:31.306 [main] TRACE - Resolving type for handle ctcolord2c2type
10:39:31.321 [main] TRACE - Resolving type for handle ctpatternfill7452type
10:39:31.333 [main] TRACE - Resolving type for handle stpatterntype7939type
10:39:31.387 [main] DEBUG - Save content types part
10:39:31.390 [main] DEBUG - Save package relationships
10:39:31.392 [main] DEBUG - Save part 'docProps/app.xml'
10:39:31.393 [main] DEBUG - Save part 'docProps/core.xml'
10:39:31.399 [main] DEBUG - Save part 'xl/printerSettings/printerSettings1.bin'
10:39:31.402 [main] DEBUG - Save part 'xl/sharedStrings.xml'
10:39:31.403 [main] DEBUG - Save part 'xl/styles.xml'
10:39:31.405 [main] DEBUG - Save part 'xl/theme/theme1.xml'
10:39:31.406 [main] DEBUG - Save part 'xl/workbook.xml'
10:39:31.409 [main] DEBUG - Save part 'xl/worksheets/sheet1.xml'
10:39:34.313 [main] INFO  - Gift Card Label is clicked
10:39:37.425 [main] INFO  - Birthday Card is clicked
10:39:37.919 [main] DEBUG - Parsing relationship: /xl/_rels/workbook.xml.rels
10:39:37.921 [main] DEBUG - Parsing relationship: /xl/worksheets/_rels/sheet1.xml.rels
10:39:37.922 [main] DEBUG - Parsing relationship: /_rels/.rels
10:39:37.933 [main] DEBUG - using default POIXMLDocumentPart for http://schemas.openxmlformats.org/officeDocument/2006/relationships/printerSettings
10:39:37.945 [main] INFO  - Amount is Entered
10:39:38.237 [main] INFO  - Date and Month are selected
10:39:38.751 [main] INFO  - Next button is clicked
10:39:39.368 [main] DEBUG - Parsing relationship: /xl/_rels/workbook.xml.rels
10:39:39.369 [main] DEBUG - Parsing relationship: /xl/worksheets/_rels/sheet1.xml.rels
10:39:39.371 [main] DEBUG - Parsing relationship: /_rels/.rels
10:39:39.384 [main] DEBUG - using default POIXMLDocumentPart for http://schemas.openxmlformats.org/officeDocument/2006/relationships/printerSettings
10:39:39.641 [main] DEBUG - Parsing relationship: /xl/_rels/workbook.xml.rels
10:39:39.643 [main] DEBUG - Parsing relationship: /xl/worksheets/_rels/sheet1.xml.rels
10:39:39.645 [main] DEBUG - Parsing relationship: /_rels/.rels
10:39:39.672 [main] DEBUG - using default POIXMLDocumentPart for http://schemas.openxmlformats.org/officeDocument/2006/relationships/printerSettings
10:39:40.081 [main] DEBUG - Parsing relationship: /xl/_rels/workbook.xml.rels
10:39:40.082 [main] DEBUG - Parsing relationship: /xl/worksheets/_rels/sheet1.xml.rels
10:39:40.085 [main] DEBUG - Parsing relationship: /_rels/.rels
10:39:40.103 [main] DEBUG - using default POIXMLDocumentPart for http://schemas.openxmlformats.org/officeDocument/2006/relationships/printerSettings
10:39:40.680 [main] DEBUG - Parsing relationship: /xl/_rels/workbook.xml.rels
10:39:40.681 [main] DEBUG - Parsing relationship: /xl/worksheets/_rels/sheet1.xml.rels
10:39:40.682 [main] DEBUG - Parsing relationship: /_rels/.rels
10:39:40.703 [main] DEBUG - using default POIXMLDocumentPart for http://schemas.openxmlformats.org/officeDocument/2006/relationships/printerSettings
10:39:40.980 [main] DEBUG - Parsing relationship: /xl/_rels/workbook.xml.rels
10:39:40.981 [main] DEBUG - Parsing relationship: /xl/worksheets/_rels/sheet1.xml.rels
10:39:40.983 [main] DEBUG - Parsing relationship: /_rels/.rels
10:39:40.994 [main] DEBUG - using default POIXMLDocumentPart for http://schemas.openxmlformats.org/officeDocument/2006/relationships/printerSettings
10:39:41.249 [main] DEBUG - Parsing relationship: /xl/_rels/workbook.xml.rels
10:39:41.249 [main] DEBUG - Parsing relationship: /xl/worksheets/_rels/sheet1.xml.rels
10:39:41.250 [main] DEBUG - Parsing relationship: /_rels/.rels
10:39:41.267 [main] DEBUG - using default POIXMLDocumentPart for http://schemas.openxmlformats.org/officeDocument/2006/relationships/printerSettings
10:39:41.543 [main] DEBUG - Parsing relationship: /xl/_rels/workbook.xml.rels
10:39:41.545 [main] DEBUG - Parsing relationship: /xl/worksheets/_rels/sheet1.xml.rels
10:39:41.546 [main] DEBUG - Parsing relationship: /_rels/.rels
10:39:41.568 [main] DEBUG - using default POIXMLDocumentPart for http://schemas.openxmlformats.org/officeDocument/2006/relationships/printerSettings
10:39:41.997 [main] DEBUG - Parsing relationship: /xl/_rels/workbook.xml.rels
10:39:41.998 [main] DEBUG - Parsing relationship: /xl/worksheets/_rels/sheet1.xml.rels
10:39:42.000 [main] DEBUG - Parsing relationship: /_rels/.rels
10:39:42.021 [main] DEBUG - using default POIXMLDocumentPart for http://schemas.openxmlformats.org/officeDocument/2006/relationships/printerSettings
10:39:42.291 [main] INFO  - Confirm Message is clicked
10:39:50.478 [main] DEBUG - Parsing relationship: /xl/_rels/workbook.xml.rels
10:39:50.479 [main] DEBUG - Parsing relationship: /xl/worksheets/_rels/sheet1.xml.rels
10:39:50.479 [main] DEBUG - Parsing relationship: /_rels/.rels
10:39:50.489 [main] DEBUG - using default POIXMLDocumentPart for http://schemas.openxmlformats.org/officeDocument/2006/relationships/printerSettings
10:39:50.505 [main] DEBUG - Save content types part
10:39:50.508 [main] DEBUG - Save package relationships
10:39:50.510 [main] DEBUG - Save part 'docProps/app.xml'
10:39:50.510 [main] DEBUG - Save part 'docProps/core.xml'
10:39:50.514 [main] DEBUG - Save part 'xl/printerSettings/printerSettings1.bin'
10:39:50.514 [main] DEBUG - Save part 'xl/sharedStrings.xml'
10:39:50.515 [main] DEBUG - Save part 'xl/styles.xml'
10:39:50.515 [main] DEBUG - Save part 'xl/theme/theme1.xml'
10:39:50.516 [main] DEBUG - Save part 'xl/workbook.xml'
10:39:50.518 [main] DEBUG - Save part 'xl/worksheets/sheet1.xml'
10:39:50.560 [main] DEBUG - Parsing relationship: /xl/_rels/workbook.xml.rels
10:39:50.560 [main] DEBUG - Parsing relationship: /xl/worksheets/_rels/sheet1.xml.rels
10:39:50.561 [main] DEBUG - Parsing relationship: /_rels/.rels
10:39:50.566 [main] DEBUG - using default POIXMLDocumentPart for http://schemas.openxmlformats.org/officeDocument/2006/relationships/printerSettings
10:39:50.592 [main] DEBUG - Save content types part
10:39:50.596 [main] DEBUG - Save package relationships
10:39:50.598 [main] DEBUG - Save part 'docProps/app.xml'
10:39:50.598 [main] DEBUG - Save part 'docProps/core.xml'
10:39:50.601 [main] DEBUG - Save part 'xl/printerSettings/printerSettings1.bin'
10:39:50.601 [main] DEBUG - Save part 'xl/sharedStrings.xml'
10:39:50.602 [main] DEBUG - Save part 'xl/styles.xml'
10:39:50.602 [main] DEBUG - Save part 'xl/theme/theme1.xml'
10:39:50.603 [main] DEBUG - Save part 'xl/workbook.xml'
10:39:50.606 [main] DEBUG - Save part 'xl/worksheets/sheet1.xml'
